2025-08-04 21:30:20,752 p=1784 u=jeral n=ansible | PLAY [Configurar appservers con JDK, Tomcat y MySQL] *************************************************************************************
2025-08-04 21:30:20,767 p=1784 u=jeral n=ansible | TASK [Gathering Facts] *******************************************************************************************************************
2025-08-04 21:30:52,923 p=1784 u=jeral n=ansible | [WARNING]: Unhandled error in Python interpreter discovery for host web2: Failed to connect to the host via ssh: ssh: connect to host
192.168.1.11 port 22: Connection timed out

2025-08-04 21:30:52,925 p=1784 u=jeral n=ansible | [WARNING]: Unhandled error in Python interpreter discovery for host web1: Failed to connect to the host via ssh: ssh: connect to host
192.168.1.10 port 22: Connection timed out

2025-08-04 21:31:24,852 p=1784 u=jeral n=ansible | fatal: [web1]: UNREACHABLE! => {"changed": false, "msg": "Data could not be sent to remote host \"192.168.1.10\". Make sure this host can be reached over ssh: ssh: connect to host 192.168.1.10 port 22: Connection timed out\r\n", "unreachable": true}
2025-08-04 21:31:24,853 p=1784 u=jeral n=ansible | fatal: [web2]: UNREACHABLE! => {"changed": false, "msg": "Data could not be sent to remote host \"192.168.1.11\". Make sure this host can be reached over ssh: ssh: connect to host 192.168.1.11 port 22: Connection timed out\r\n", "unreachable": true}
2025-08-04 21:31:24,854 p=1784 u=jeral n=ansible | PLAY RECAP *******************************************************************************************************************************
2025-08-04 21:31:24,854 p=1784 u=jeral n=ansible | web1                       : ok=0    changed=0    unreachable=1    failed=0    skipped=0    rescued=0    ignored=0   
2025-08-04 21:31:24,855 p=1784 u=jeral n=ansible | web2                       : ok=0    changed=0    unreachable=1    failed=0    skipped=0    rescued=0    ignored=0   
2025-08-04 21:34:06,620 p=1811 u=jeral n=ansible | [WARNING]: Could not match supplied host pattern, ignoring: appservers

2025-08-04 21:34:06,621 p=1811 u=jeral n=ansible | PLAY [Configurar appservers con JDK, Tomcat y MySQL] *************************************************************************************
2025-08-04 21:34:06,622 p=1811 u=jeral n=ansible | skipping: no hosts matched
2025-08-04 21:34:06,622 p=1811 u=jeral n=ansible | PLAY RECAP *******************************************************************************************************************************
2025-08-04 21:35:18,840 p=1825 u=jeral n=ansible | PLAY [Configurar appservers con JDK, Tomcat y MySQL] *************************************************************************************
2025-08-04 21:35:18,855 p=1825 u=jeral n=ansible | TASK [Gathering Facts] *******************************************************************************************************************
2025-08-04 21:35:20,060 p=1825 u=jeral n=ansible | fatal: [localhost]: FAILED! => {"ansible_facts": {}, "changed": false, "failed_modules": {"ansible.legacy.setup": {"ansible_facts": {"discovered_interpreter_python": "/usr/bin/python3"}, "failed": true, "module_stderr": "sudo: a password is required\n", "module_stdout": "", "msg": "MODULE FAILURE\nSee stdout/stderr for the exact error", "rc": 1}}, "msg": "The following modules failed to execute: ansible.legacy.setup\n"}
2025-08-04 21:35:20,061 p=1825 u=jeral n=ansible | PLAY RECAP *******************************************************************************************************************************
2025-08-04 21:35:20,061 p=1825 u=jeral n=ansible | localhost                  : ok=0    changed=0    unreachable=0    failed=1    skipped=0    rescued=0    ignored=0   
2025-08-04 21:36:28,774 p=1863 u=jeral n=ansible | PLAY [Configurar appservers con JDK, Tomcat y MySQL] *************************************************************************************
2025-08-04 21:36:28,783 p=1863 u=jeral n=ansible | TASK [Gathering Facts] *******************************************************************************************************************
2025-08-04 21:36:30,225 p=1863 u=jeral n=ansible | ok: [localhost]
2025-08-04 21:36:30,236 p=1863 u=jeral n=ansible | TASK [jdk : Instalar JDK] ****************************************************************************************************************
2025-08-04 21:36:30,247 p=1863 u=jeral n=ansible | fatal: [localhost]: FAILED! => {"msg": "The task includes an option with an undefined variable. The error was: 'java_package' is undefined. 'java_package' is undefined\n\nThe error appears to be in '/home/jeral/ansible-tomcat-mysql/roles/jdk/tasks/main.yml': line 1, column 3, but may\nbe elsewhere in the file depending on the exact syntax problem.\n\nThe offending line appears to be:\n\n\n- name: Instalar JDK\n  ^ here\n"}
2025-08-04 21:36:30,248 p=1863 u=jeral n=ansible | PLAY RECAP *******************************************************************************************************************************
2025-08-04 21:36:30,248 p=1863 u=jeral n=ansible | localhost                  : ok=1    changed=0    unreachable=0    failed=1    skipped=0    rescued=0    ignored=0   
2025-08-04 21:37:34,333 p=1972 u=jeral n=ansible | localhost | SUCCESS => {
    "java_package": "openjdk-11-jdk"
}
2025-08-04 21:37:45,290 p=1977 u=jeral n=ansible | PLAY [Configurar appservers con JDK, Tomcat y MySQL] *************************************************************************************
2025-08-04 21:37:45,296 p=1977 u=jeral n=ansible | TASK [Gathering Facts] *******************************************************************************************************************
2025-08-04 21:37:46,807 p=1977 u=jeral n=ansible | ok: [localhost]
2025-08-04 21:37:46,819 p=1977 u=jeral n=ansible | TASK [jdk : Instalar JDK] ****************************************************************************************************************
2025-08-04 21:37:46,830 p=1977 u=jeral n=ansible | fatal: [localhost]: FAILED! => {"msg": "The task includes an option with an undefined variable. The error was: 'java_package' is undefined. 'java_package' is undefined\n\nThe error appears to be in '/home/jeral/ansible-tomcat-mysql/roles/jdk/tasks/main.yml': line 1, column 3, but may\nbe elsewhere in the file depending on the exact syntax problem.\n\nThe offending line appears to be:\n\n\n- name: Instalar JDK\n  ^ here\n"}
2025-08-04 21:37:46,830 p=1977 u=jeral n=ansible | PLAY RECAP *******************************************************************************************************************************
2025-08-04 21:37:46,831 p=1977 u=jeral n=ansible | localhost                  : ok=1    changed=0    unreachable=0    failed=1    skipped=0    rescued=0    ignored=0   
2025-08-04 21:40:11,351 p=2098 u=jeral n=ansible | PLAY [Configurar appservers con JDK, Tomcat y MySQL] *************************************************************************************
2025-08-04 21:40:11,367 p=2098 u=jeral n=ansible | TASK [Gathering Facts] *******************************************************************************************************************
2025-08-04 21:40:12,974 p=2098 u=jeral n=ansible | ok: [localhost]
2025-08-04 21:40:12,985 p=2098 u=jeral n=ansible | TASK [jdk : Instalar JDK] ****************************************************************************************************************
2025-08-04 21:40:12,997 p=2098 u=jeral n=ansible | fatal: [localhost]: FAILED! => {"msg": "The task includes an option with an undefined variable. The error was: 'java_package' is undefined. 'java_package' is undefined\n\nThe error appears to be in '/home/jeral/ansible-tomcat-mysql/roles/jdk/tasks/main.yml': line 1, column 3, but may\nbe elsewhere in the file depending on the exact syntax problem.\n\nThe offending line appears to be:\n\n\n- name: Instalar JDK\n  ^ here\n"}
2025-08-04 21:40:12,998 p=2098 u=jeral n=ansible | PLAY RECAP *******************************************************************************************************************************
2025-08-04 21:40:12,998 p=2098 u=jeral n=ansible | localhost                  : ok=1    changed=0    unreachable=0    failed=1    skipped=0    rescued=0    ignored=0   
2025-08-04 21:42:28,944 p=2209 u=jeral n=ansible | PLAY [Configurar appservers con JDK, Tomcat y MySQL] *************************************************************************************
2025-08-04 21:42:28,951 p=2209 u=jeral n=ansible | TASK [Gathering Facts] *******************************************************************************************************************
2025-08-04 21:42:30,433 p=2209 u=jeral n=ansible | ok: [localhost]
2025-08-04 21:42:30,451 p=2209 u=jeral n=ansible | TASK [jdk : Instalar JDK] ****************************************************************************************************************
2025-08-04 21:42:30,465 p=2209 u=jeral n=ansible | fatal: [localhost]: FAILED! => {"msg": "The task includes an option with an undefined variable. The error was: 'java_package' is undefined. 'java_package' is undefined\n\nThe error appears to be in '/home/jeral/ansible-tomcat-mysql/roles/jdk/tasks/main.yml': line 1, column 3, but may\nbe elsewhere in the file depending on the exact syntax problem.\n\nThe offending line appears to be:\n\n\n- name: Instalar JDK\n  ^ here\n"}
2025-08-04 21:42:30,466 p=2209 u=jeral n=ansible | PLAY RECAP *******************************************************************************************************************************
2025-08-04 21:42:30,466 p=2209 u=jeral n=ansible | localhost                  : ok=1    changed=0    unreachable=0    failed=1    skipped=0    rescued=0    ignored=0   
2025-08-04 21:45:15,496 p=2359 u=jeral n=ansible | PLAY [Configurar appservers con JDK, Tomcat y MySQL] *************************************************************************************
2025-08-04 21:45:15,504 p=2359 u=jeral n=ansible | TASK [Gathering Facts] *******************************************************************************************************************
2025-08-04 21:45:16,903 p=2359 u=jeral n=ansible | ok: [localhost]
2025-08-04 21:45:16,914 p=2359 u=jeral n=ansible | TASK [jdk : Instalar JDK] ****************************************************************************************************************
2025-08-04 21:45:16,926 p=2359 u=jeral n=ansible | fatal: [localhost]: FAILED! => {"msg": "The task includes an option with an undefined variable. The error was: 'java_package' is undefined. 'java_package' is undefined\n\nThe error appears to be in '/home/jeral/ansible-tomcat-mysql/roles/jdk/tasks/main.yml': line 2, column 3, but may\nbe elsewhere in the file depending on the exact syntax problem.\n\nThe offending line appears to be:\n\n---\n- name: Instalar JDK\n  ^ here\n"}
2025-08-04 21:45:16,927 p=2359 u=jeral n=ansible | PLAY RECAP *******************************************************************************************************************************
2025-08-04 21:45:16,927 p=2359 u=jeral n=ansible | localhost                  : ok=1    changed=0    unreachable=0    failed=1    skipped=0    rescued=0    ignored=0   
2025-08-04 21:47:41,222 p=2486 u=jeral n=ansible | PLAY [Configurar appservers con JDK, Tomcat y MySQL] *************************************************************************************
2025-08-04 21:47:41,238 p=2486 u=jeral n=ansible | TASK [Gathering Facts] *******************************************************************************************************************
2025-08-04 21:47:42,828 p=2486 u=jeral n=ansible | ok: [localhost]
2025-08-04 21:47:42,839 p=2486 u=jeral n=ansible | TASK [jdk : Instalar JDK] ****************************************************************************************************************
2025-08-04 21:48:10,065 p=2486 u=jeral n=ansible | changed: [localhost]
2025-08-04 21:48:10,074 p=2486 u=jeral n=ansible | TASK [tomcat : Crear grupo y usuario tomcat] *********************************************************************************************
2025-08-04 21:48:10,088 p=2486 u=jeral n=ansible | fatal: [localhost]: FAILED! => {"msg": "The task includes an option with an undefined variable. The error was: 'tomcat_user' is undefined. 'tomcat_user' is undefined\n\nThe error appears to be in '/home/jeral/ansible-tomcat-mysql/roles/tomcat/tasks/main.yml': line 2, column 3, but may\nbe elsewhere in the file depending on the exact syntax problem.\n\nThe offending line appears to be:\n\n---\n- name: Crear grupo y usuario tomcat\n  ^ here\n"}
2025-08-04 21:48:10,089 p=2486 u=jeral n=ansible | PLAY RECAP *******************************************************************************************************************************
2025-08-04 21:48:10,089 p=2486 u=jeral n=ansible | localhost                  : ok=2    changed=1    unreachable=0    failed=1    skipped=0    rescued=0    ignored=0   
2025-08-04 21:50:14,451 p=3610 u=jeral n=ansible | PLAY [Configurar appservers con JDK, Tomcat y MySQL] *************************************************************************************
2025-08-04 21:50:14,464 p=3610 u=jeral n=ansible | TASK [Gathering Facts] *******************************************************************************************************************
2025-08-04 21:50:15,970 p=3610 u=jeral n=ansible | ok: [localhost]
2025-08-04 21:50:15,982 p=3610 u=jeral n=ansible | TASK [jdk : Instalar JDK] ****************************************************************************************************************
2025-08-04 21:50:18,501 p=3610 u=jeral n=ansible | ok: [localhost]
2025-08-04 21:50:18,509 p=3610 u=jeral n=ansible | TASK [tomcat : Crear grupo y usuario tomcat] *********************************************************************************************
2025-08-04 21:50:18,896 p=3610 u=jeral n=ansible | fatal: [localhost]: FAILED! => {"changed": false, "msg": "Group tomcat does not exist"}
2025-08-04 21:50:18,897 p=3610 u=jeral n=ansible | PLAY RECAP *******************************************************************************************************************************
2025-08-04 21:50:18,898 p=3610 u=jeral n=ansible | localhost                  : ok=2    changed=0    unreachable=0    failed=1    skipped=0    rescued=0    ignored=0   
2025-08-04 21:52:03,227 p=4070 u=jeral n=ansible | PLAY [Configurar appservers con JDK, Tomcat y MySQL] *************************************************************************************
2025-08-04 21:52:03,242 p=4070 u=jeral n=ansible | TASK [Gathering Facts] *******************************************************************************************************************
2025-08-04 21:52:04,840 p=4070 u=jeral n=ansible | ok: [localhost]
2025-08-04 21:52:04,852 p=4070 u=jeral n=ansible | TASK [jdk : Instalar JDK] ****************************************************************************************************************
2025-08-04 21:52:07,307 p=4070 u=jeral n=ansible | ok: [localhost]
2025-08-04 21:52:07,319 p=4070 u=jeral n=ansible | TASK [tomcat : Crear grupo tomcat] *******************************************************************************************************
2025-08-04 21:52:07,623 p=4070 u=jeral n=ansible | changed: [localhost]
2025-08-04 21:52:07,628 p=4070 u=jeral n=ansible | TASK [tomcat : Crear usuario tomcat] *****************************************************************************************************
2025-08-04 21:52:08,021 p=4070 u=jeral n=ansible | changed: [localhost]
2025-08-04 21:52:08,026 p=4070 u=jeral n=ansible | TASK [tomcat : Descargar Tomcat] *********************************************************************************************************
2025-08-04 21:52:09,055 p=4070 u=jeral n=ansible | fatal: [localhost]: FAILED! => {"changed": false, "dest": "/tmp/tomcat.tar.gz", "elapsed": 0, "msg": "Request failed", "response": "HTTP Error 404: Not Found", "status_code": 404, "url": "https://downloads.apache.org/tomcat/tomcat-9/v9.0.85/bin/apache-tomcat-9.0.85.tar.gz"}
2025-08-04 21:52:09,057 p=4070 u=jeral n=ansible | PLAY RECAP *******************************************************************************************************************************
2025-08-04 21:52:09,057 p=4070 u=jeral n=ansible | localhost                  : ok=4    changed=2    unreachable=0    failed=1    skipped=0    rescued=0    ignored=0   
2025-08-04 21:54:15,430 p=4590 u=jeral n=ansible | PLAY [Configurar appservers con JDK, Tomcat y MySQL] *************************************************************************************
2025-08-04 21:54:15,447 p=4590 u=jeral n=ansible | TASK [Gathering Facts] *******************************************************************************************************************
2025-08-04 21:54:17,119 p=4590 u=jeral n=ansible | ok: [localhost]
2025-08-04 21:54:17,134 p=4590 u=jeral n=ansible | TASK [jdk : Instalar JDK] ****************************************************************************************************************
2025-08-04 21:54:19,452 p=4590 u=jeral n=ansible | ok: [localhost]
2025-08-04 21:54:19,460 p=4590 u=jeral n=ansible | TASK [tomcat : Crear grupo tomcat] *******************************************************************************************************
2025-08-04 21:54:19,719 p=4590 u=jeral n=ansible | ok: [localhost]
2025-08-04 21:54:19,724 p=4590 u=jeral n=ansible | TASK [tomcat : Crear usuario tomcat] *****************************************************************************************************
2025-08-04 21:54:20,066 p=4590 u=jeral n=ansible | ok: [localhost]
2025-08-04 21:54:20,071 p=4590 u=jeral n=ansible | TASK [tomcat : Descargar Tomcat] *********************************************************************************************************
2025-08-04 21:54:21,033 p=4590 u=jeral n=ansible | fatal: [localhost]: FAILED! => {"changed": false, "dest": "/tmp/tomcat.tar.gz", "elapsed": 0, "msg": "Request failed", "response": "HTTP Error 404: Not Found", "status_code": 404, "url": "https://downloads.apache.org/tomcat/tomcat-9/v9.0.82/bin/apache-tomcat-9.0.82.tar.gz"}
2025-08-04 21:54:21,034 p=4590 u=jeral n=ansible | PLAY RECAP *******************************************************************************************************************************
2025-08-04 21:54:21,034 p=4590 u=jeral n=ansible | localhost                  : ok=4    changed=0    unreachable=0    failed=1    skipped=0    rescued=0    ignored=0   
2025-08-04 21:56:41,818 p=5115 u=jeral n=ansible | PLAY [Configurar appservers con JDK, Tomcat y MySQL] *************************************************************************************
2025-08-04 21:56:41,832 p=5115 u=jeral n=ansible | TASK [Gathering Facts] *******************************************************************************************************************
2025-08-04 21:56:43,326 p=5115 u=jeral n=ansible | ok: [localhost]
2025-08-04 21:56:43,337 p=5115 u=jeral n=ansible | TASK [jdk : Instalar JDK] ****************************************************************************************************************
2025-08-04 21:56:45,745 p=5115 u=jeral n=ansible | ok: [localhost]
2025-08-04 21:56:45,753 p=5115 u=jeral n=ansible | TASK [tomcat : Crear grupo tomcat] *******************************************************************************************************
2025-08-04 21:56:46,021 p=5115 u=jeral n=ansible | ok: [localhost]
2025-08-04 21:56:46,026 p=5115 u=jeral n=ansible | TASK [tomcat : Crear usuario tomcat] *****************************************************************************************************
2025-08-04 21:56:46,381 p=5115 u=jeral n=ansible | ok: [localhost]
2025-08-04 21:56:46,386 p=5115 u=jeral n=ansible | TASK [tomcat : Descargar Tomcat] *********************************************************************************************************
2025-08-04 21:56:49,803 p=5115 u=jeral n=ansible | changed: [localhost]
2025-08-04 21:56:49,811 p=5115 u=jeral n=ansible | TASK [tomcat : Extraer Tomcat] ***********************************************************************************************************
2025-08-04 21:56:50,091 p=5115 u=jeral n=ansible | An exception occurred during task execution. To see the full traceback, use -vvv. The error was: NoneType: None
2025-08-04 21:56:50,091 p=5115 u=jeral n=ansible | fatal: [localhost]: FAILED! => {"changed": false, "msg": "dest '/opt/tomcat' must be an existing dir"}
2025-08-04 21:56:50,092 p=5115 u=jeral n=ansible | PLAY RECAP *******************************************************************************************************************************
2025-08-04 21:56:50,092 p=5115 u=jeral n=ansible | localhost                  : ok=5    changed=1    unreachable=0    failed=1    skipped=0    rescued=0    ignored=0   
2025-08-04 21:57:51,753 p=5665 u=jeral n=ansible | PLAY [Configurar appservers con JDK, Tomcat y MySQL] *************************************************************************************
2025-08-04 21:57:51,766 p=5665 u=jeral n=ansible | TASK [Gathering Facts] *******************************************************************************************************************
2025-08-04 21:57:53,417 p=5665 u=jeral n=ansible | ok: [localhost]
2025-08-04 21:57:53,430 p=5665 u=jeral n=ansible | TASK [jdk : Instalar JDK] ****************************************************************************************************************
2025-08-04 21:57:56,102 p=5665 u=jeral n=ansible | ok: [localhost]
2025-08-04 21:57:56,111 p=5665 u=jeral n=ansible | TASK [tomcat : Crear grupo tomcat] *******************************************************************************************************
2025-08-04 21:57:56,370 p=5665 u=jeral n=ansible | ok: [localhost]
2025-08-04 21:57:56,375 p=5665 u=jeral n=ansible | TASK [tomcat : Crear usuario tomcat] *****************************************************************************************************
2025-08-04 21:57:56,719 p=5665 u=jeral n=ansible | ok: [localhost]
2025-08-04 21:57:56,724 p=5665 u=jeral n=ansible | TASK [tomcat : Descargar Tomcat] *********************************************************************************************************
2025-08-04 21:57:57,659 p=5665 u=jeral n=ansible | ok: [localhost]
2025-08-04 21:57:57,664 p=5665 u=jeral n=ansible | TASK [tomcat : Crear directorio de instalación de Tomcat] ********************************************************************************
2025-08-04 21:57:57,952 p=5665 u=jeral n=ansible | changed: [localhost]
2025-08-04 21:57:57,960 p=5665 u=jeral n=ansible | TASK [tomcat : Extraer Tomcat] ***********************************************************************************************************
2025-08-04 21:57:58,995 p=5665 u=jeral n=ansible | changed: [localhost]
2025-08-04 21:57:59,001 p=5665 u=jeral n=ansible | TASK [tomcat : Cambiar permisos] *********************************************************************************************************
2025-08-04 21:57:59,231 p=5665 u=jeral n=ansible | changed: [localhost]
2025-08-04 21:57:59,239 p=5665 u=jeral n=ansible | TASK [mysql : Instalar MySQL Server] *****************************************************************************************************
2025-08-04 21:58:32,379 p=5665 u=jeral n=ansible | changed: [localhost]
2025-08-04 21:58:32,384 p=5665 u=jeral n=ansible | TASK [mysql : Asegurar contraseña root] **************************************************************************************************
2025-08-04 21:58:32,395 p=5665 u=jeral n=ansible | fatal: [localhost]: FAILED! => {"msg": "The task includes an option with an undefined variable. The error was: 'mysql_password' is undefined. 'mysql_password' is undefined\n\nThe error appears to be in '/home/jeral/ansible-tomcat-mysql/roles/mysql/tasks/main.yml': line 8, column 3, but may\nbe elsewhere in the file depending on the exact syntax problem.\n\nThe offending line appears to be:\n\n\n- name: Asegurar contraseña root\n  ^ here\n"}
2025-08-04 21:58:32,396 p=5665 u=jeral n=ansible | PLAY RECAP *******************************************************************************************************************************
2025-08-04 21:58:32,397 p=5665 u=jeral n=ansible | localhost                  : ok=9    changed=4    unreachable=0    failed=1    skipped=0    rescued=0    ignored=0   
2025-08-04 21:59:31,574 p=7337 u=jeral n=ansible | PLAY [Configurar appservers con JDK, Tomcat y MySQL] *************************************************************************************
2025-08-04 21:59:31,581 p=7337 u=jeral n=ansible | TASK [Gathering Facts] *******************************************************************************************************************
2025-08-04 21:59:32,994 p=7337 u=jeral n=ansible | ok: [localhost]
2025-08-04 21:59:33,004 p=7337 u=jeral n=ansible | TASK [jdk : Instalar JDK] ****************************************************************************************************************
2025-08-04 21:59:35,339 p=7337 u=jeral n=ansible | ok: [localhost]
2025-08-04 21:59:35,348 p=7337 u=jeral n=ansible | TASK [tomcat : Crear grupo tomcat] *******************************************************************************************************
2025-08-04 21:59:35,635 p=7337 u=jeral n=ansible | ok: [localhost]
2025-08-04 21:59:35,640 p=7337 u=jeral n=ansible | TASK [tomcat : Crear usuario tomcat] *****************************************************************************************************
2025-08-04 21:59:35,988 p=7337 u=jeral n=ansible | ok: [localhost]
2025-08-04 21:59:35,995 p=7337 u=jeral n=ansible | TASK [tomcat : Descargar Tomcat] *********************************************************************************************************
2025-08-04 21:59:37,010 p=7337 u=jeral n=ansible | ok: [localhost]
2025-08-04 21:59:37,015 p=7337 u=jeral n=ansible | TASK [tomcat : Crear directorio de instalación de Tomcat] ********************************************************************************
2025-08-04 21:59:37,286 p=7337 u=jeral n=ansible | ok: [localhost]
2025-08-04 21:59:37,293 p=7337 u=jeral n=ansible | TASK [tomcat : Extraer Tomcat] ***********************************************************************************************************
2025-08-04 21:59:37,332 p=7337 u=jeral n=ansible | skipping: [localhost]
2025-08-04 21:59:37,337 p=7337 u=jeral n=ansible | TASK [tomcat : Cambiar permisos] *********************************************************************************************************
2025-08-04 21:59:37,560 p=7337 u=jeral n=ansible | ok: [localhost]
2025-08-04 21:59:37,568 p=7337 u=jeral n=ansible | TASK [mysql : Instalar MySQL Server] *****************************************************************************************************
2025-08-04 21:59:39,464 p=7337 u=jeral n=ansible | ok: [localhost]
2025-08-04 21:59:39,468 p=7337 u=jeral n=ansible | TASK [mysql : Asegurar contraseña root] **************************************************************************************************
2025-08-04 21:59:39,480 p=7337 u=jeral n=ansible | fatal: [localhost]: FAILED! => {"msg": "The task includes an option with an undefined variable. The error was: 'mysql_password' is undefined. 'mysql_password' is undefined\n\nThe error appears to be in '/home/jeral/ansible-tomcat-mysql/roles/mysql/tasks/main.yml': line 8, column 3, but may\nbe elsewhere in the file depending on the exact syntax problem.\n\nThe offending line appears to be:\n\n\n- name: Asegurar contraseña root\n  ^ here\n"}
2025-08-04 21:59:39,481 p=7337 u=jeral n=ansible | PLAY RECAP *******************************************************************************************************************************
2025-08-04 21:59:39,481 p=7337 u=jeral n=ansible | localhost                  : ok=8    changed=0    unreachable=0    failed=1    skipped=1    rescued=0    ignored=0   
2025-08-04 22:00:57,864 p=8236 u=jeral n=ansible | PLAY [Configurar appservers con JDK, Tomcat y MySQL] *************************************************************************************
2025-08-04 22:00:57,871 p=8236 u=jeral n=ansible | TASK [Gathering Facts] *******************************************************************************************************************
2025-08-04 22:00:59,229 p=8236 u=jeral n=ansible | ok: [localhost]
2025-08-04 22:00:59,240 p=8236 u=jeral n=ansible | TASK [jdk : Instalar JDK] ****************************************************************************************************************
2025-08-04 22:01:04,009 p=8236 u=jeral n=ansible | ok: [localhost]
2025-08-04 22:01:04,018 p=8236 u=jeral n=ansible | TASK [tomcat : Crear grupo tomcat] *******************************************************************************************************
2025-08-04 22:01:04,299 p=8236 u=jeral n=ansible | ok: [localhost]
2025-08-04 22:01:04,305 p=8236 u=jeral n=ansible | TASK [tomcat : Crear usuario tomcat] *****************************************************************************************************
2025-08-04 22:01:04,665 p=8236 u=jeral n=ansible | ok: [localhost]
2025-08-04 22:01:04,670 p=8236 u=jeral n=ansible | TASK [tomcat : Descargar Tomcat] *********************************************************************************************************
2025-08-04 22:01:05,696 p=8236 u=jeral n=ansible | ok: [localhost]
2025-08-04 22:01:05,701 p=8236 u=jeral n=ansible | TASK [tomcat : Crear directorio de instalación de Tomcat] ********************************************************************************
2025-08-04 22:01:05,997 p=8236 u=jeral n=ansible | ok: [localhost]
2025-08-04 22:01:06,004 p=8236 u=jeral n=ansible | TASK [tomcat : Extraer Tomcat] ***********************************************************************************************************
2025-08-04 22:01:06,047 p=8236 u=jeral n=ansible | skipping: [localhost]
2025-08-04 22:01:06,052 p=8236 u=jeral n=ansible | TASK [tomcat : Cambiar permisos] *********************************************************************************************************
2025-08-04 22:01:06,292 p=8236 u=jeral n=ansible | ok: [localhost]
2025-08-04 22:01:06,301 p=8236 u=jeral n=ansible | TASK [mysql : Instalar MySQL Server] *****************************************************************************************************
2025-08-04 22:01:08,364 p=8236 u=jeral n=ansible | ok: [localhost]
2025-08-04 22:01:08,370 p=8236 u=jeral n=ansible | TASK [mysql : Asegurar contraseña root] **************************************************************************************************
2025-08-04 22:01:08,757 p=8236 u=jeral n=ansible | fatal: [localhost]: FAILED! => {"changed": false, "msg": "A MySQL module is required: for Python 2.7 either PyMySQL, or MySQL-python, or for Python 3.X mysqlclient or PyMySQL. Consider setting ansible_python_interpreter to use the intended Python version."}
2025-08-04 22:01:08,759 p=8236 u=jeral n=ansible | PLAY RECAP *******************************************************************************************************************************
2025-08-04 22:01:08,760 p=8236 u=jeral n=ansible | localhost                  : ok=8    changed=0    unreachable=0    failed=1    skipped=1    rescued=0    ignored=0   
2025-08-04 22:02:33,592 p=9571 u=jeral n=ansible | PLAY [Configurar appservers con JDK, Tomcat y MySQL] *************************************************************************************
2025-08-04 22:02:33,599 p=9571 u=jeral n=ansible | TASK [Gathering Facts] *******************************************************************************************************************
2025-08-04 22:02:34,977 p=9571 u=jeral n=ansible | ok: [localhost]
2025-08-04 22:02:34,991 p=9571 u=jeral n=ansible | TASK [jdk : Instalar JDK] ****************************************************************************************************************
2025-08-04 22:02:37,045 p=9571 u=jeral n=ansible | ok: [localhost]
2025-08-04 22:02:37,053 p=9571 u=jeral n=ansible | TASK [tomcat : Crear grupo tomcat] *******************************************************************************************************
2025-08-04 22:02:37,318 p=9571 u=jeral n=ansible | ok: [localhost]
2025-08-04 22:02:37,325 p=9571 u=jeral n=ansible | TASK [tomcat : Crear usuario tomcat] *****************************************************************************************************
2025-08-04 22:02:37,672 p=9571 u=jeral n=ansible | ok: [localhost]
2025-08-04 22:02:37,677 p=9571 u=jeral n=ansible | TASK [tomcat : Descargar Tomcat] *********************************************************************************************************
2025-08-04 22:02:38,665 p=9571 u=jeral n=ansible | ok: [localhost]
2025-08-04 22:02:38,670 p=9571 u=jeral n=ansible | TASK [tomcat : Crear directorio de instalación de Tomcat] ********************************************************************************
2025-08-04 22:02:38,948 p=9571 u=jeral n=ansible | ok: [localhost]
2025-08-04 22:02:38,955 p=9571 u=jeral n=ansible | TASK [tomcat : Extraer Tomcat] ***********************************************************************************************************
2025-08-04 22:02:38,996 p=9571 u=jeral n=ansible | skipping: [localhost]
2025-08-04 22:02:39,001 p=9571 u=jeral n=ansible | TASK [tomcat : Cambiar permisos] *********************************************************************************************************
2025-08-04 22:02:39,233 p=9571 u=jeral n=ansible | ok: [localhost]
2025-08-04 22:02:39,242 p=9571 u=jeral n=ansible | TASK [mysql : Instalar MySQL Server] *****************************************************************************************************
2025-08-04 22:02:41,138 p=9571 u=jeral n=ansible | ok: [localhost]
2025-08-04 22:02:41,143 p=9571 u=jeral n=ansible | TASK [mysql : Asegurar contraseña root] **************************************************************************************************
2025-08-04 22:02:41,500 p=9571 u=jeral n=ansible | [WARNING]: Option column_case_sensitive is not provided. The default is now false, so the column's name will be uppercased. The default
will be changed to true in community.mysql 4.0.0.

2025-08-04 22:02:41,501 p=9571 u=jeral n=ansible | changed: [localhost]
2025-08-04 22:02:41,521 p=9571 u=jeral n=ansible | PLAY RECAP *******************************************************************************************************************************
2025-08-04 22:02:41,521 p=9571 u=jeral n=ansible | localhost                  : ok=9    changed=1    unreachable=0    failed=0    skipped=1    rescued=0    ignored=0   
